#
# There is insufficient memory for the Java Runtime Environment to continue.
# Native memory allocation (malloc) failed to allocate 1048576 bytes for AllocateHeap
# Possible reasons:
#   The system is out of physical RAM or swap space
#   The process is running with CompressedOops enabled, and the Java Heap may be blocking the growth of the native heap
# Possible solutions:
#   Reduce memory load on the system
#   Increase physical memory or swap space
#   Check if swap backing store is full
#   Decrease Java heap size (-Xmx/-Xms)
#   Decrease number of Java threads
#   Decrease Java thread stack sizes (-Xss)
#   Set larger code cache with -XX:ReservedCodeCacheSize=
#   JVM is running with Unscaled Compressed Oops mode in which the Java heap is
#     placed in the first 4GB address space. The Java Heap base address is the
#     maximum limit for the native heap growth. Please use -XX:HeapBaseMinAddress
#     to set the Java Heap base and to place the Java Heap above 4GB virtual address.
# This output file may be truncated or incomplete.
#
#  Out of Memory Error (memory/allocation.inline.hpp:61), pid=1200, tid=0x0000000000000f50
#
# JRE version:  (8.0_212-b04) (build )
# Java VM: OpenJDK 64-Bit Server VM (25.212-b04 mixed mode windows-amd64 compressed oops)
# Failed to write core dump. Minidumps are not enabled by default on client versions of Windows
#

---------------  T H R E A D  ---------------

Current thread (0x0000000002472800):  JavaThread "Unknown thread" [_thread_in_vm, id=3920, stack(0x0000000002290000,0x0000000002390000)]

Stack: [0x0000000002290000,0x0000000002390000]
[error occurred during error reporting (printing stack bounds), id 0xc0000005]

Native frames: (J=compiled Java code, j=interpreted, Vv=VM code, C=native code)


---------------  P R O C E S S  ---------------

Java Threads: ( => current thread )

Other Threads:

=>0x0000000002472800 (exited) JavaThread "Unknown thread" [_thread_in_vm, id=3920, stack(0x0000000002290000,0x0000000002390000)]

VM state:not at safepoint (normal execution)

VM Mutex/Monitor currently owned by a thread: None

heap address: 0x0000000081e00000, size: 2018 MB, Compressed Oops mode: 32-bit
Narrow klass base: 0x0000000000000000, Narrow klass shift: 3
Compressed class space size: 1073741824 Address: 0x0000000100000000

Heap:
 PSYoungGen      total 38400K, used 665K [0x00000000d5f80000, 0x00000000d8a00000, 0x0000000100000000)
  eden space 33280K, 2% used [0x00000000d5f80000,0x00000000d6026670,0x00000000d8000000)
  from space 5120K, 0% used [0x00000000d8500000,0x00000000d8500000,0x00000000d8a00000)
  to   space 5120K, 0% used [0x00000000d8000000,0x00000000d8000000,0x00000000d8500000)
 ParOldGen       total 87552K, used 0K [0x0000000081e00000, 0x0000000087380000, 0x00000000d5f80000)
  object space 87552K, 0% used [0x0000000081e00000,0x0000000081e00000,0x0000000087380000)
 Metaspace       used 778K, capacity 4480K, committed 4480K, reserved 1056768K
  class space    used 74K, capacity 384K, committed 384K, reserved 1048576K

Card table byte_map: [0x0000000011930000,0x0000000011d30000] byte_map_base: 0x0000000011521000

Marking Bits: (ParMarkBitMap*) 0x0000000071e49f30
 Begin Bits: [0x00000000127e0000, 0x0000000014768000)
 End Bits:   [0x0000000014768000, 0x00000000166f0000)

Polling page: 0x0000000000a90000

CodeCache: size=245760Kb used=328Kb max_used=328Kb free=245431Kb
 bounds [0x0000000002570000, 0x00000000027e0000, 0x0000000011570000]
 total_blobs=57 nmethods=0 adapters=38
 compilation: enabled

Compilation events (0 events):
No events

GC Heap History (0 events):
No events

Deoptimization events (0 events):
No events

Classes redefined (0 events):
No events

Internal exceptions (0 events):
No events

Events (10 events):
Event: 0.022 loading class java/lang/Short
Event: 0.022 loading class java/lang/Short done
Event: 0.022 loading class java/lang/Integer
Event: 0.022 loading class java/lang/Integer done
Event: 0.022 loading class java/lang/Long
Event: 0.022 loading class java/lang/Long done
Event: 0.023 loading class java/lang/NullPointerException
Event: 0.023 loading class java/lang/NullPointerException done
Event: 0.023 loading class java/lang/ArithmeticException
Event: 0.023 loading class java/lang/ArithmeticException done


Dynamic libraries:
0x00007ff75f660000 - 0x00007ff75f691000 	F:\Android Studio\jre\bin\java.exe
0x00007fff13a70000 - 0x00007fff13c65000 	C:\WINDOWS\SYSTEM32\ntdll.dll
0x00007fff12990000 - 0x00007fff12a4d000 	C:\WINDOWS\System32\KERNEL32.DLL
0x00007fff113c0000 - 0x00007fff11688000 	C:\WINDOWS\System32\KERNELBASE.dll
0x00007fff0e820000 - 0x00007fff0e8b0000 	C:\WINDOWS\SYSTEM32\apphelp.dll
0x00007fff130e0000 - 0x00007fff1318c000 	C:\WINDOWS\System32\ADVAPI32.dll
0x00007fff12f70000 - 0x00007fff1300e000 	C:\WINDOWS\System32\msvcrt.dll
0x00007fff11f00000 - 0x00007fff11f9b000 	C:\WINDOWS\System32\sechost.dll
0x00007fff11ca0000 - 0x00007fff11dcb000 	C:\WINDOWS\System32\RPCRT4.dll
0x00007fff13830000 - 0x00007fff139d0000 	C:\WINDOWS\System32\USER32.dll
0x00007fff11a70000 - 0x00007fff11a92000 	C:\WINDOWS\System32\win32u.dll
0x00007fff12030000 - 0x00007fff1205a000 	C:\WINDOWS\System32\GDI32.dll
0x00007fff11710000 - 0x00007fff1181b000 	C:\WINDOWS\System32\gdi32full.dll
0x00007fff11980000 - 0x00007fff11a1d000 	C:\WINDOWS\System32\msvcp_win.dll
0x00007fff11820000 - 0x00007fff11920000 	C:\WINDOWS\System32\ucrtbase.dll
0x00007fff01540000 - 0x00007fff017da000 	C:\WINDOWS\WinSxS\amd64_microsoft.windows.common-controls_6595b64144ccf1df_6.0.19041.844_none_ca00b6081b84eb1d\COMCTL32.dll
0x00007fff12000000 - 0x00007fff12030000 	C:\WINDOWS\System32\IMM32.DLL
0x0000000073ad0000 - 0x0000000073ba2000 	F:\Android Studio\jre\jre\bin\msvcr100.dll
0x0000000071680000 - 0x0000000071ec6000 	F:\Android Studio\jre\jre\bin\server\jvm.dll
0x00007fff11c10000 - 0x00007fff11c18000 	C:\WINDOWS\System32\PSAPI.DLL
0x00007ffefdad0000 - 0x00007ffefdad9000 	C:\WINDOWS\SYSTEM32\WSOCK32.dll
0x00007fff0a3f0000 - 0x00007fff0a3fa000 	C:\WINDOWS\SYSTEM32\VERSION.dll
0x00007fff01990000 - 0x00007fff019b7000 	C:\WINDOWS\SYSTEM32\WINMM.dll
0x00007fff12890000 - 0x00007fff128fb000 	C:\WINDOWS\System32\WS2_32.dll
0x00007ffefc4c0000 - 0x00007ffefc4cf000 	F:\Android Studio\jre\jre\bin\verify.dll
0x00007ffed92a0000 - 0x00007ffed92c9000 	F:\Android Studio\jre\jre\bin\java.dll
0x00007ffef86d0000 - 0x00007ffef86e6000 	F:\Android Studio\jre\jre\bin\zip.dll

VM Arguments:
jvm_args: -Dorg.gradle.appname=gradlew 
java_command: org.gradle.wrapper.GradleWrapperMain -q -Ptarget-platform=android-x86 -Ptarget=F:\User\New folder (2)\Portfolio Tracker\portfolio-tracker\lib\main.dart -Ptrack-widget-creation=true -Pfilesystem-scheme=org-dartlang-root -Pdart-defines=flutter.inspector.structuredErrors%3Dtrue assembleDebug
java_class_path (initial): F:\User\New folder (2)\Portfolio Tracker\portfolio-tracker\android\\gradle\wrapper\gradle-wrapper.jar
Launcher Type: SUN_STANDARD

Environment Variables:
JAVA_HOME=F:\Android Studio\jre
CLASSPATH=F:\User\New folder (2)\Portfolio Tracker\portfolio-tracker\android\\gradle\wrapper\gradle-wrapper.jar
PATH=C:\Program Files (x86)\Common Files\Oracle\Java\javapath;C:\Program Files (x86)\Intel\iCLS Client\;C:\Program Files\Intel\iCLS Client\;C:\Windows\system32;C:\Windows;C:\Windows\System32\Wbem;C:\Windows\System32\WindowsPowerShell\v1.0\;C:\Program Files (x86)\Intel\Intel(R) Management Engine Components\DAL;C:\Program Files\Intel\Intel(R) Management Engine Components\DAL;C:\Program Files (x86)\Intel\Intel(R) Management Engine Components\IPT;C:\Program Files\Intel\Intel(R) Management Engine Components\IPT;C:\WINDOWS\system32;C:\WINDOWS;C:\WINDOWS\System32\Wbem;C:\WINDOWS\System32\WindowsPowerShell\v1.0\;C:\WINDOWS\System32\OpenSSH\;C:\Program Files\Microsoft SQL Server\Client SDK\ODBC\110\Tools\Binn\;C:\Program Files (x86)\Microsoft SQL Server\120\Tools\Binn\;C:\Program Files\Microsoft SQL Server\120\Tools\Binn\;C:\Program Files\Microsoft SQL Server\120\DTS\Binn\;C:\Program Files (x86)\Windows Kits\8.1\Windows Performance Toolkit\;C:\Program Files\NVIDIA Corporation\NVIDIA NvDLISR;F:\SPSS\JRE\bin;F:\Python;C:\Program Files (x86)\NVIDIA Corporation\PhysX\Common;C:\WINDOWS\system32;C:\WINDOWS;C:\WINDOWS\System32\Wbem;C:\WINDOWS\System32\WindowsPowerShell\v1.0\;C:\WINDOWS\System32\OpenSSH\;F:\Git\cmd;F:\Python\Scripts\;F:\Python\;C:\Users\otish\AppData\Local\Microsoft\WindowsApps;F:\PyCharm\PyCharm Community Edition 2019.3.3\bin;C:\src\flutter\flutter\bin;C:\Users\otish\AppData\Local\Microsoft\WindowsApps;F:\Microsoft VS Code\bin;F:\flutter_windows_1.22.5-stable\flutter\bin;;C:\src\flutter\flutter\bin\mingit\cmd
USERNAME=otish
OS=Windows_NT
PROCESSOR_IDENTIFIER=Intel64 Family 6 Model 142 Stepping 10, GenuineIntel



---------------  S Y S T E M  ---------------

OS: Windows 10.0 , 64 bit Build 19041 (10.0.19041.928)

CPU:total 8 (initial active 8) (4 cores per cpu, 2 threads per core) family 6 model 142 stepping 10, cmov, cx8, fxsr, mmx, sse, sse2, sse3, ssse3, sse4.1, sse4.2, popcnt, avx, avx2, aes, clmul, erms, 3dnowpref, lzcnt, ht, tsc, tscinvbit, bmi1, bmi2, adx

Memory: 4k page, physical 8260324k(518656k free), swap 19477012k(5136k free)

vm_info: OpenJDK 64-Bit Server VM (25.212-b04) for windows-amd64 JRE (1.8.0_212-release-1586-b04), built by "builder" with MS VC++ 10.0 (VS2010)

time: Mon May 10 21:51:33 2021
timezone: W. Europe Daylight Time
elapsed time: 0 seconds (0d 0h 0m 0s)

